01:42:01 **** Incremental Build of configuration Debug for project ass1_task2 ****
make all 
Building file: ../main.c
Invoking: AVR Compiler
avr-gcc -Wall -g2 -gstabs -O0 -fpack-struct -fshort-enums -ffunction-sections -fdata-sections -std=gnu99 -funsigned-char -funsigned-bitfields -mmcu=atmega16 -DF_CPU=1000000UL -MMD -MP -MF"main.d" -MT"main.o" -c -o "main.o" "../main.c"
In file included from ../main.c:9:
d:/imt_sdk_win_64/imt_sdk_win_64/winavr/lib/gcc/../../avr/include/util/delay.h:90:3: warning: #warning "Compiler optimizations disabled; functions from <util/delay.h> won't work as designed"
Finished building: ../main.c
 
Building target: ass1_task2.elf
Invoking: AVR C Linker
avr-gcc -Wl,-Map,ass1_task2.map -mmcu=atmega16 -o "ass1_task2.elf"  ./main.o   
Finished building target: ass1_task2.elf
 
Invoking: AVR Create Extended Listing
avr-objdump -h -S ass1_task2.elf  >"ass1_task2.lss"
Finished building: ass1_task2.lss
 
Create Flash image (ihex format)
avr-objcopy -R .eeprom -R .fuse -R .lock -R .signature -O ihex ass1_task2.elf  "ass1_task2.hex"
Finished building: ass1_task2.hex
 
Invoking: Print Size
avr-size --format=avr --mcu=atmega16 ass1_task2.elf
AVR Memory Usage
----------------
Device: atmega16

Program:     282 bytes (1.7% Full)
(.text + .data + .bootloader)

Data:          0 bytes (0.0% Full)
(.data + .bss + .noinit)


Finished building: sizedummy
 

01:42:04 Build Finished (took 3s.297ms)

