08:13:54 **** Incremental Build of configuration Debug for project ass2_task1 ****
make all 
Building file: ../main.c
Invoking: AVR Compiler
avr-gcc -Wall -g2 -gstabs -O0 -fpack-struct -fshort-enums -ffunction-sections -fdata-sections -std=gnu99 -funsigned-char -funsigned-bitfields -mmcu=atmega32 -DF_CPU=1000000UL -MMD -MP -MF"main.d" -MT"main.o" -c -o "main.o" "../main.c"
In file included from ../main.c:9:
d:/imt_sdk_win_64/imt_sdk_win_64/winavr/lib/gcc/../../avr/include/util/delay.h:90:3: warning: #warning "Compiler optimizations disabled; functions from <util/delay.h> won't work as designed"
Finished building: ../main.c
 
Building target: ass2_task1.elf
Invoking: AVR C Linker
avr-gcc -Wl,-Map,ass2_task1.map -mmcu=atmega32 -o "ass2_task1.elf"  ./main.o   
Finished building target: ass2_task1.elf
 
Invoking: AVR Create Extended Listing
avr-objdump -h -S ass2_task1.elf  >"ass2_task1.lss"
Finished building: ass2_task1.lss
 
Create Flash image (ihex format)
avr-objcopy -R .eeprom -R .fuse -R .lock -R .signature -O ihex ass2_task1.elf  "ass2_task1.hex"
Finished building: ass2_task1.hex
 
Invoking: Print Size
avr-size --format=avr --mcu=atmega32 ass2_task1.elf
AVR Memory Usage
----------------
Device: atmega32

Program:     402 bytes (1.2% Full)
(.text + .data + .bootloader)

Data:          0 bytes (0.0% Full)
(.data + .bss + .noinit)


Finished building: sizedummy
 
