07:59:00 **** Incremental Build of configuration Debug for project lab2 ****
make all 
Building file: ../main.c
Invoking: AVR Compiler
avr-gcc -Wall -g2 -gstabs -O0 -fpack-struct -fshort-enums -ffunction-sections -fdata-sections -std=gnu99 -funsigned-char -funsigned-bitfields -mmcu=atmega32 -DF_CPU=1000000UL -MMD -MP -MF"main.d" -MT"main.o" -c -o "main.o" "../main.c"
Finished building: ../main.c
 
Building target: lab2.elf
Invoking: AVR C Linker
avr-gcc -Wl,-Map,lab2.map -mmcu=atmega32 -o "lab2.elf"  ./main.o   
Finished building target: lab2.elf
 
Invoking: AVR Create Extended Listing
avr-objdump -h -S lab2.elf  >"lab2.lss"
Finished building: lab2.lss
 
Create Flash image (ihex format)
avr-objcopy -R .eeprom -R .fuse -R .lock -R .signature -O ihex lab2.elf  "lab2.hex"
Finished building: lab2.hex
 
Invoking: Print Size
avr-size --format=avr --mcu=atmega32 lab2.elf
AVR Memory Usage
----------------
Device: atmega32

Program:     130 bytes (0.4% Full)
(.text + .data + .bootloader)

Data:          0 bytes (0.0% Full)
(.data + .bss + .noinit)


Finished building: sizedummy
 

07:59:01 Build Finished (took 645ms)

